<?xml version="1.0" encoding="UTF-8"?>
<!-- Generated by org.testng.reporters.JUnitXMLReporter -->
<testsuite hostname="localhost" name="Default test" tests="3" failures="0" timestamp="13 Dec 2015 07:44:20 GMT" time="45.544" errors="0">
  <testcase name="testConsole" time="19.244" classname="com.yunidc.testScript.TestHomePage"/>
  <testcase name="testOpenLoginPage" time="9.274" classname="com.yunidc.testScript.TestHomePage"/>
  <testcase name="testRegister" time="8.815" classname="com.yunidc.testScript.TestHomePage"/>
</testsuite> <!-- Default test -->
