<?xml version="1.0" encoding="UTF-8"?>
<!-- Generated by org.testng.reporters.JUnitXMLReporter -->
<testsuite hostname="minghuideMacBook-Pro.local" name="test1" tests="4" failures="0" timestamp="13 Dec 2015 14:59:50 GMT" time="66.864" errors="0">
  <testcase name="testConsole" time="19.188" classname="com.yunidc.testScript.TestHomePage"/>
  <testcase name="testOpenLoginPage" time="9.544" classname="com.yunidc.testScript.TestHomePage"/>
  <testcase name="testRegister" time="9.526" classname="com.yunidc.testScript.TestHomePage"/>
  <testcase name="testLogin" time="18.69" classname="com.yunidc.testScript.TestLoginPage"/>
</testsuite> <!-- test1 -->
